<?xml version="1.0" encoding="UTF-8"?>
<!-- Generated by org.testng.reporters.JUnitXMLReporter -->
<testsuite hostname="sumanth" ignored="0" name="Smoke testcases" tests="5" failures="0" timestamp="03 Feb 2017 20:08:51 GMT" time="0.144" errors="0">
  <testcase name="OpeningBrowser" time="0.013" classname="Test2.Annotations"/>
  <testcase name="TicketBooking" time="0.01" classname="Test2.Annotations"/>
  <testcase name="OpeningBrowser" time="0.003" classname="Test2.DependencyAnnotation"/>
  <testcase name="Payment" time="0.021" classname="Test2.DependencyAnnotation"/>
  <testcase name="FlightTicketBooking" time="0.005" classname="Test2.DependencyAnnotation"/>
</testsuite> <!-- Smoke testcases -->
